{
  "RSpec": {
    "coverage": {
      "/Users/apprentice/Desktop/flashcards/card.rb": [
        1,
        1,
        1,
        1,
        348,
        348,
        null,
        null,
        1,
        2,
        null,
        null,
        null
      ],
      "/Users/apprentice/Desktop/flashcards/player.rb": [
        1,
        null,
        1,
        1,
        1,
        null,
        1,
        9,
        9,
        9,
        null,
        null,
        1,
        1,
        1,
        2,
        2,
        2,
        null,
        null,
        null,
        null,
        1,
        342,
        null,
        null,
        1,
        12,
        null,
        null,
        1,
        11,
        418,
        null,
        null,
        null,
        1,
        9,
        342,
        null,
        null,
        null,
        1,
        2,
        null,
        null,
        1,
        2,
        null,
        null,
        1,
        2,
        2,
        null,
        null,
        1,
        0,
        0,
        0,
        0,
        null,
        0,
        0,
        null,
        null,
        null,
        null,
        null,
        null,
        1
      ]
    },
    "timestamp": 1341018547
  }
}
