{
  "RSpec": {
    "coverage": {
      "/Users/apprentice/Dropbox/Student Data/2012 Summer/ryan_urabe/flashcards/app.rb": [
        1,
        1,
        null,
        1,
        1,
        1,
        1,
        1,
        1,
        1,
        null,
        null,
        1,
        1,
        null,
        null,
        1,
        1,
        38,
        null,
        null,
        null,
        1,
        1,
        38,
        null,
        null,
        null,
        1,
        1,
        11,
        11,
        10,
        10,
        null,
        null,
        null,
        null,
        null,
        1,
        1
      ],
      "/Users/apprentice/Dropbox/Student Data/2012 Summer/ryan_urabe/flashcards/round.rb": [
        1,
        1,
        1,
        11,
        11,
        11,
        null,
        null,
        1,
        11,
        null,
        null,
        1,
        33,
        33,
        null,
        null,
        1,
        32,
        0,
        0,
        32,
        10,
        null,
        22,
        null,
        null,
        null,
        1,
        11,
        11,
        33,
        32,
        null,
        null,
        null,
        null
      ],
      "/Users/apprentice/Dropbox/Student Data/2012 Summer/ryan_urabe/flashcards/card.rb": [
        1,
        1,
        1,
        1,
        38,
        38,
        38,
        null,
        null,
        null
      ]
    },
    "timestamp": 1341293435
  }
}
