{
  "RSpec": {
    "coverage": {
      "/Users/rurabe/Dropbox/ryan_urabe/flashcards/app.rb": [
        1,
        1,
        null,
        1,
        1,
        1,
        1,
        7,
        7,
        7,
        7,
        null,
        null,
        1,
        10,
        null,
        null,
        1,
        9,
        342,
        null,
        null,
        null,
        1,
        8,
        304,
        null,
        null,
        null,
        1,
        0,
        0,
        0,
        0,
        0,
        null,
        null,
        null,
        1,
        7,
        null,
        null,
        null
      ],
      "/Users/rurabe/Dropbox/ryan_urabe/flashcards/round.rb": [
        1,
        1,
        1,
        0,
        0,
        0,
        null,
        null,
        1,
        0,
        null,
        null,
        1,
        0,
        0,
        null,
        null,
        1,
        0,
        0,
        0,
        0,
        0,
        null,
        0,
        null,
        null,
        null,
        1,
        0,
        0,
        0,
        0,
        null,
        null,
        null,
        null
      ],
      "/Users/rurabe/Dropbox/ryan_urabe/flashcards/card.rb": [
        1,
        1,
        1,
        1,
        304,
        304,
        304,
        null,
        null,
        null
      ]
    },
    "timestamp": 1341464424
  }
}
