{
  "RSpec": {
    "coverage": {
      "/Users/rurabe/Dropbox/ryan_urabe/assessments/7-8_ruby_assessment/person.rb": [
        1,
        null,
        1,
        1,
        1,
        1,
        3,
        3,
        null,
        null,
        1,
        3,
        null,
        null,
        1,
        8,
        8,
        null,
        null,
        null
      ],
      "/Users/rurabe/Dropbox/ryan_urabe/assessments/7-8_ruby_assessment/detail.rb": [
        1,
        1,
        1,
        1,
        3,
        3,
        null,
        null,
        null
      ]
    },
    "timestamp": 1341787947
  }
}
