{
  "RSpec": {
    "coverage": {
      "/Users/apprentice/Dropbox/Student Data/2012 Summer/ryan_urabe/flashcards/card.rb": [
        1,
        1,
        1,
        1,
        343,
        343,
        null,
        null,
        1,
        0,
        null,
        null,
        null
      ],
      "/Users/apprentice/Dropbox/Student Data/2012 Summer/ryan_urabe/flashcards/player.rb": [
        1,
        null,
        1,
        1,
        1,
        null,
        1,
        10,
        10,
        10,
        null,
        null,
        1,
        1,
        1,
        1,
        1,
        null,
        null,
        1,
        343,
        null,
        null,
        1,
        13,
        null,
        null,
        1,
        12,
        419,
        null,
        null,
        null,
        1,
        10,
        343,
        null,
        null,
        null,
        1,
        1,
        null,
        null,
        1,
        1,
        null,
        null,
        1,
        2,
        2,
        null,
        null,
        1,
        1,
        0,
        null,
        null,
        null,
        null,
        null,
        null,
        null
      ]
    },
    "timestamp": 1341274877
  }
}
